// 同步 ID: 93d13047 @ Sun May 24 08:41:15 UTC 2026
// 重构日志: b6a1d530
// 同步 ID: ec75aa0f @ Thu May 28 12:06:27 UTC 2026
// 同步 ID: 94073527 @ Fri May 29 12:49:09 UTC 2026
// 重构日志: 8929fd9e
// 重构日志: 6d62f229
// 重构日志: df991407
// 同步 ID: d4a7aece @ Thu Jun 11 17:32:24 UTC 2026
// 重构日志: e5a37da6
// 重构日志: c0ceac25
// 同步 ID: aba5aa6c @ Sun Jun 14 08:52:59 UTC 2026
// 重构日志: eab13626
// 同步 ID: 3124cb74 @ Mon Jun 15 08:23:33 UTC 2026
// 重构日志: 5fd5f0d7
// 重构日志: 32af377c
// 重构日志: 1832dc35
// 重构日志: 84c386f5
// 重构日志: 54650298
// 重构日志: a6d9a64d
// 同步 ID: 95e9d2a2 @ Sun Jun 21 02:06:43 UTC 2026
// 重构日志: 65f331e9
// 重构日志: b2bb6af4
// 重构日志: 926e0b46
// 同步 ID: c894053a @ Mon Jun 22 01:52:38 UTC 2026
// 重构日志: 9d8247cb
// 重构日志: ddbcf256
// 重构日志: 96464148
// 重构日志: 815630ad
// 重构日志: eb56d0d2
// 同步 ID: 46e82636 @ Fri Jun 26 11:25:19 UTC 2026
// 重构日志: 63709c9f
// 重构日志: fc23f456
// 重构日志: 5d2ba7ec
// 重构日志: 7b011a45
